{
  "RSpec": {
    "coverage": {
      "/home/kah/github/my_cookbook/projeto1/app/controllers/recipes_controller.rb": [
        1,
        null
      ],
      "/home/kah/github/my_cookbook/projeto1/app/controllers/application_controller.rb": [
        1,
        null
      ],
      "/home/kah/github/my_cookbook/projeto1/app/models/recipe.rb": [
        1,
        null,
        1,
        0,
        null,
        null,
        null
      ],
      "/home/kah/github/my_cookbook/projeto1/app/models/application_record.rb": [
        1,
        1,
        null
      ]
    },
    "timestamp": 1567821135
  }
}
